c:\cousework\coursework\coursework\debug\vc142.pdb
c:\cousework\coursework\coursework\debug\.netframework,version=v4.7.2.assemblyattributes.obj
c:\cousework\coursework\coursework\debug\regform.obj
c:\cousework\coursework\coursework\debug\mainform.obj
c:\cousework\coursework\coursework\debug\helpform.obj
c:\cousework\coursework\coursework\debug\authform.obj
c:\cousework\coursework\debug\stdole.dll
c:\cousework\coursework\coursework\debug\coursework.authform.resources
c:\cousework\coursework\coursework\debug\coursework.helpform.resources
c:\cousework\coursework\coursework\debug\coursework.mainform.resources
c:\cousework\coursework\coursework\debug\coursework.regform.resources
c:\cousework\coursework\debug\coursework.exe
c:\cousework\coursework\debug\coursework.pdb
c:\cousework\coursework\coursework\debug\coursework.tlog\cl.command.1.tlog
c:\cousework\coursework\coursework\debug\coursework.tlog\cl.read.1.tlog
c:\cousework\coursework\coursework\debug\coursework.tlog\cl.write.1.tlog
c:\cousework\coursework\coursework\debug\coursework.tlog\copylocal.read.1u.tlog
c:\cousework\coursework\coursework\debug\coursework.tlog\copylocal.write.1u.tlog
c:\cousework\coursework\coursework\debug\coursework.tlog\coursework.write.1u.tlog
c:\cousework\coursework\coursework\debug\coursework.tlog\link.command.1.tlog
c:\cousework\coursework\coursework\debug\coursework.tlog\link.read.1.tlog
c:\cousework\coursework\coursework\debug\coursework.tlog\link.write.1.tlog
c:\cousework\coursework\coursework\debug\coursework.tlog\metagen.read.1.tlog
c:\cousework\coursework\coursework\debug\coursework.tlog\metagen.write.1.tlog
