  AuthForm.cpp
C:\GitHub\Course_Work\CouseWork\CourseWork\CourseWork\MainForm.h(39,66): warning C4947: Microsoft::VisualBasic::Compatibility::VB6::FileListBox: помечен как устаревший
C:\GitHub\Course_Work\CouseWork\CourseWork\CourseWork\MainForm.h(39,66): message : Сообщение: "Microsoft.VisualBasic.Compatibility.* classes are obsolete and supported within 32 bit processes only. http://go.microsoft.com/fwlink/?linkid=160862"
C:\GitHub\Course_Work\CouseWork\CourseWork\CourseWork\MainForm.h(91,1): warning C4947: Microsoft::VisualBasic::Compatibility::VB6::FileListBox: помечен как устаревший
C:\GitHub\Course_Work\CouseWork\CourseWork\CourseWork\MainForm.h(91,1): message : Сообщение: "Microsoft.VisualBasic.Compatibility.* classes are obsolete and supported within 32 bit processes only. http://go.microsoft.com/fwlink/?linkid=160862"
C:\GitHub\Course_Work\CouseWork\CourseWork\CourseWork\MainForm.h(473,1): warning C4554: "&": проверьте приоритет операторов на ошибки; для уточнения приоритета используйте скобки
C:\GitHub\Course_Work\CouseWork\CourseWork\CourseWork\MainForm.h(488,1): warning C4554: "&": проверьте приоритет операторов на ошибки; для уточнения приоритета используйте скобки
C:\GitHub\Course_Work\CouseWork\CourseWork\CourseWork\MainForm.h(503,1): warning C4554: "|": проверьте приоритет операторов на ошибки; для уточнения приоритета используйте скобки
C:\GitHub\Course_Work\CouseWork\CourseWork\CourseWork\MainForm.h(509,1): warning C4554: "|": проверьте приоритет операторов на ошибки; для уточнения приоритета используйте скобки
C:\GitHub\Course_Work\CouseWork\CourseWork\CourseWork\MainForm.h(530,1): warning C4554: "&": проверьте приоритет операторов на ошибки; для уточнения приоритета используйте скобки
C:\GitHub\Course_Work\CouseWork\CourseWork\CourseWork\MainForm.h(555,1): warning C4554: "&": проверьте приоритет операторов на ошибки; для уточнения приоритета используйте скобки
C:\GitHub\Course_Work\CouseWork\CourseWork\CourseWork\MainForm.h(574,1): warning C4554: "&": проверьте приоритет операторов на ошибки; для уточнения приоритета используйте скобки
C:\GitHub\Course_Work\CouseWork\CourseWork\CourseWork\MainForm.h(576,1): warning C4554: "&": проверьте приоритет операторов на ошибки; для уточнения приоритета используйте скобки
C:\GitHub\Course_Work\CouseWork\CourseWork\CourseWork\MainForm.h(734,13): warning C4101: proposal: неиспользованная локальная переменная
C:\GitHub\Course_Work\CouseWork\CourseWork\CourseWork\MainForm.h(793,1): warning C4554: "|": проверьте приоритет операторов на ошибки; для уточнения приоритета используйте скобки
C:\GitHub\Course_Work\CouseWork\CourseWork\CourseWork\MainForm.h(817,1): warning C4554: "|": проверьте приоритет операторов на ошибки; для уточнения приоритета используйте скобки
C:\GitHub\Course_Work\CouseWork\CourseWork\CourseWork\MainForm.h(828,1): warning C4554: "|": проверьте приоритет операторов на ошибки; для уточнения приоритета используйте скобки
C:\GitHub\Course_Work\CouseWork\CourseWork\CourseWork\MainForm.h(803,11): warning C4101: type: неиспользованная локальная переменная
C:\GitHub\Course_Work\CouseWork\CourseWork\CourseWork\MainForm.h(931,41): warning C4101: e: неиспользованная локальная переменная
C:\GitHub\Course_Work\CouseWork\CourseWork\CourseWork\MainForm.h(956,41): warning C4101: e: неиспользованная локальная переменная
C:\GitHub\Course_Work\CouseWork\CourseWork\CourseWork\RegForm.h(143,1): warning C4554: "|": проверьте приоритет операторов на ошибки; для уточнения приоритета используйте скобки
C:\GitHub\Course_Work\CouseWork\CourseWork\CourseWork\RegForm.h(147,1): warning C4554: "|": проверьте приоритет операторов на ошибки; для уточнения приоритета используйте скобки
C:\GitHub\Course_Work\CouseWork\CourseWork\CourseWork\RegForm.h(153,1): warning C4554: "|": проверьте приоритет операторов на ошибки; для уточнения приоритета используйте скобки
C:\GitHub\Course_Work\CouseWork\CourseWork\CourseWork\RegForm.h(161,1): warning C4554: "|": проверьте приоритет операторов на ошибки; для уточнения приоритета используйте скобки
C:\GitHub\Course_Work\CouseWork\CourseWork\CourseWork\RegForm.h(227,45): warning C4101: e: неиспользованная локальная переменная
C:\GitHub\Course_Work\CouseWork\CourseWork\CourseWork\AuthForm.h(385,46): warning C4101: e: неиспользованная локальная переменная
  HelpForm.cpp
  MainForm.cpp
C:\GitHub\Course_Work\CouseWork\CourseWork\CourseWork\MainForm.h(39,66): warning C4947: Microsoft::VisualBasic::Compatibility::VB6::FileListBox: помечен как устаревший
C:\GitHub\Course_Work\CouseWork\CourseWork\CourseWork\MainForm.h(39,66): message : Сообщение: "Microsoft.VisualBasic.Compatibility.* classes are obsolete and supported within 32 bit processes only. http://go.microsoft.com/fwlink/?linkid=160862"
C:\GitHub\Course_Work\CouseWork\CourseWork\CourseWork\MainForm.h(91,1): warning C4947: Microsoft::VisualBasic::Compatibility::VB6::FileListBox: помечен как устаревший
C:\GitHub\Course_Work\CouseWork\CourseWork\CourseWork\MainForm.h(91,1): message : Сообщение: "Microsoft.VisualBasic.Compatibility.* classes are obsolete and supported within 32 bit processes only. http://go.microsoft.com/fwlink/?linkid=160862"
C:\GitHub\Course_Work\CouseWork\CourseWork\CourseWork\MainForm.h(473,1): warning C4554: "&": проверьте приоритет операторов на ошибки; для уточнения приоритета используйте скобки
C:\GitHub\Course_Work\CouseWork\CourseWork\CourseWork\MainForm.h(488,1): warning C4554: "&": проверьте приоритет операторов на ошибки; для уточнения приоритета используйте скобки
C:\GitHub\Course_Work\CouseWork\CourseWork\CourseWork\MainForm.h(503,1): warning C4554: "|": проверьте приоритет операторов на ошибки; для уточнения приоритета используйте скобки
C:\GitHub\Course_Work\CouseWork\CourseWork\CourseWork\MainForm.h(509,1): warning C4554: "|": проверьте приоритет операторов на ошибки; для уточнения приоритета используйте скобки
C:\GitHub\Course_Work\CouseWork\CourseWork\CourseWork\MainForm.h(530,1): warning C4554: "&": проверьте приоритет операторов на ошибки; для уточнения приоритета используйте скобки
C:\GitHub\Course_Work\CouseWork\CourseWork\CourseWork\MainForm.h(555,1): warning C4554: "&": проверьте приоритет операторов на ошибки; для уточнения приоритета используйте скобки
C:\GitHub\Course_Work\CouseWork\CourseWork\CourseWork\MainForm.h(574,1): warning C4554: "&": проверьте приоритет операторов на ошибки; для уточнения приоритета используйте скобки
C:\GitHub\Course_Work\CouseWork\CourseWork\CourseWork\MainForm.h(576,1): warning C4554: "&": проверьте приоритет операторов на ошибки; для уточнения приоритета используйте скобки
C:\GitHub\Course_Work\CouseWork\CourseWork\CourseWork\MainForm.h(734,13): warning C4101: proposal: неиспользованная локальная переменная
C:\GitHub\Course_Work\CouseWork\CourseWork\CourseWork\MainForm.h(793,1): warning C4554: "|": проверьте приоритет операторов на ошибки; для уточнения приоритета используйте скобки
C:\GitHub\Course_Work\CouseWork\CourseWork\CourseWork\MainForm.h(817,1): warning C4554: "|": проверьте приоритет операторов на ошибки; для уточнения приоритета используйте скобки
C:\GitHub\Course_Work\CouseWork\CourseWork\CourseWork\MainForm.h(828,1): warning C4554: "|": проверьте приоритет операторов на ошибки; для уточнения приоритета используйте скобки
C:\GitHub\Course_Work\CouseWork\CourseWork\CourseWork\MainForm.h(803,11): warning C4101: type: неиспользованная локальная переменная
C:\GitHub\Course_Work\CouseWork\CourseWork\CourseWork\MainForm.h(931,41): warning C4101: e: неиспользованная локальная переменная
C:\GitHub\Course_Work\CouseWork\CourseWork\CourseWork\MainForm.h(956,41): warning C4101: e: неиспользованная локальная переменная
  RegForm.cpp
C:\GitHub\Course_Work\CouseWork\CourseWork\CourseWork\RegForm.h(143,1): warning C4554: "|": проверьте приоритет операторов на ошибки; для уточнения приоритета используйте скобки
C:\GitHub\Course_Work\CouseWork\CourseWork\CourseWork\RegForm.h(147,1): warning C4554: "|": проверьте приоритет операторов на ошибки; для уточнения приоритета используйте скобки
C:\GitHub\Course_Work\CouseWork\CourseWork\CourseWork\RegForm.h(153,1): warning C4554: "|": проверьте приоритет операторов на ошибки; для уточнения приоритета используйте скобки
C:\GitHub\Course_Work\CouseWork\CourseWork\CourseWork\RegForm.h(161,1): warning C4554: "|": проверьте приоритет операторов на ошибки; для уточнения приоритета используйте скобки
C:\GitHub\Course_Work\CouseWork\CourseWork\CourseWork\RegForm.h(227,45): warning C4101: e: неиспользованная локальная переменная
  .NETFramework,Version=v4.7.2.AssemblyAttributes.cpp
  Создание кода...
  AuthForm.obj : обнаружен модуль MSIL; для MSIL последовательная компоновка отключена; выполняется полная компоновка
  CourseWork.vcxproj -> C:\GitHub\Course_Work\CouseWork\CourseWork\Debug\CourseWork.exe
